Determining if the pthread_create exist failed with the following output:
Change Dir: /home/xupei0610/Src/CSCI5611/HW2-checkin/cmake-build-debug/CMakeFiles/CMakeTmp

Run Build Command:"/usr/bin/make" "cmTC_0d238/fast"
/usr/bin/make -f CMakeFiles/cmTC_0d238.dir/build.make CMakeFiles/cmTC_0d238.dir/build
make[1]: Entering directory '/home/xupei0610/Src/CSCI5611/HW2-checkin/cmake-build-debug/CMakeFiles/CMakeTmp'
Building C object CMakeFiles/cmTC_0d238.dir/CheckSymbolExists.c.o
/usr/bin/gcc   -fPIC    -o CMakeFiles/cmTC_0d238.dir/CheckSymbolExists.c.o   -c /home/xupei0610/Src/CSCI5611/HW2-checkin/cmake-build-debug/CMakeFiles/CMakeTmp/CheckSymbolExists.c
Linking C executable cmTC_0d238
/home/clion-2017.3.3/bin/cmake/bin/cmake -E cmake_link_script CMakeFiles/cmTC_0d238.dir/link.txt --verbose=1
/usr/bin/gcc -fPIC     -rdynamic CMakeFiles/cmTC_0d238.dir/CheckSymbolExists.c.o  -o cmTC_0d238 
CMakeFiles/cmTC_0d238.dir/CheckSymbolExists.c.o: In function `main':
CheckSymbolExists.c:(.text+0x1b): undefined reference to `pthread_create'
collect2: error: ld returned 1 exit status
CMakeFiles/cmTC_0d238.dir/build.make:97: recipe for target 'cmTC_0d238' failed
make[1]: *** [cmTC_0d238] Error 1
make[1]: Leaving directory '/home/xupei0610/Src/CSCI5611/HW2-checkin/cmake-build-debug/CMakeFiles/CMakeTmp'
Makefile:126: recipe for target 'cmTC_0d238/fast' failed
make: *** [cmTC_0d238/fast] Error 2

File /home/xupei0610/Src/CSCI5611/HW2-checkin/cmake-build-debug/CMakeFiles/CMakeTmp/CheckSymbolExists.c:
/* */
#include <pthread.h>

int main(int argc, char** argv)
{
  (void)argv;
#ifndef pthread_create
  return ((int*)(&pthread_create))[argc];
#else
  (void)argc;
  return 0;
#endif
}

Determining if the function pthread_create exists in the pthreads failed with the following output:
Change Dir: /home/xupei0610/Src/CSCI5611/HW2-checkin/cmake-build-debug/CMakeFiles/CMakeTmp

Run Build Command:"/usr/bin/make" "cmTC_c63be/fast"
/usr/bin/make -f CMakeFiles/cmTC_c63be.dir/build.make CMakeFiles/cmTC_c63be.dir/build
make[1]: Entering directory '/home/xupei0610/Src/CSCI5611/HW2-checkin/cmake-build-debug/CMakeFiles/CMakeTmp'
Building C object CMakeFiles/cmTC_c63be.dir/CheckFunctionExists.c.o
/usr/bin/gcc   -fPIC -DCHECK_FUNCTION_EXISTS=pthread_create   -o CMakeFiles/cmTC_c63be.dir/CheckFunctionExists.c.o   -c /home/clion-2017.3.3/bin/cmake/share/cmake-3.9/Modules/CheckFunctionExists.c
Linking C executable cmTC_c63be
/home/clion-2017.3.3/bin/cmake/bin/cmake -E cmake_link_script CMakeFiles/cmTC_c63be.dir/link.txt --verbose=1
/usr/bin/gcc -fPIC -DCHECK_FUNCTION_EXISTS=pthread_create    -rdynamic CMakeFiles/cmTC_c63be.dir/CheckFunctionExists.c.o  -o cmTC_c63be -lpthreads 
/usr/bin/ld: cannot find -lpthreads
collect2: error: ld returned 1 exit status
CMakeFiles/cmTC_c63be.dir/build.make:97: recipe for target 'cmTC_c63be' failed
make[1]: *** [cmTC_c63be] Error 1
make[1]: Leaving directory '/home/xupei0610/Src/CSCI5611/HW2-checkin/cmake-build-debug/CMakeFiles/CMakeTmp'
Makefile:126: recipe for target 'cmTC_c63be/fast' failed
make: *** [cmTC_c63be/fast] Error 2


